    Command utilities loaded:
 
    ssumm:      Summarizes the status of Almesbar's partitions.
    spend:      Displays the list of pending jobs sorted by priority.
    sfairshare: Displays the list accounts sorted by fairshare value.
    sbfill:     Displays backfill window.
 
    Use the option -h or --help after a command for more details.
    Example: sbfill -h
    For more information visit
https://wiki-researchcomputing.ku.ac.ae/display/RC/Command+utilities+on+Almesbar+HPC+cluster 
/home/kunet.ae/100053689/.local/lib/python3.9/site-packages/torchvision/datapoints/__init__.py:12: UserWarning: The torchvision.datapoints and torchvision.transforms.v2 namespaces are still Beta. While we do not expect major breaking changes, some APIs may still change according to user feedback. Please submit any feedback you may have in this issue: https://github.com/pytorch/vision/issues/6753, and you can also check out https://github.com/pytorch/vision/issues/7319 to learn more about the APIs that we suspect might involve future changes. You can silence this warning by calling torchvision.disable_beta_transforms_warning().
  warnings.warn(_BETA_TRANSFORMS_WARNING)
/home/kunet.ae/100053689/.local/lib/python3.9/site-packages/torchvision/transforms/v2/__init__.py:54: UserWarning: The torchvision.datapoints and torchvision.transforms.v2 namespaces are still Beta. While we do not expect major breaking changes, some APIs may still change according to user feedback. Please submit any feedback you may have in this issue: https://github.com/pytorch/vision/issues/6753, and you can also check out https://github.com/pytorch/vision/issues/7319 to learn more about the APIs that we suspect might involve future changes. You can silence this warning by calling torchvision.disable_beta_transforms_warning().
  warnings.warn(_BETA_TRANSFORMS_WARNING)
Traceback (most recent call last):
  File "/home/kunet.ae/100053689/swin_classifier/Improved_Swin.py", line 159, in <module>
    tr_loss, tr_acc, tr_prec, tr_f1score = training_func(train_dataloader)
  File "/home/kunet.ae/100053689/swin_classifier/Improved_Swin.py", line 124, in training_func
    epoch_accuracy = multiclass_accuracy(actual, predicted, num_classes=4) #accuracy_score(actual,predicted)
  File "/home/kunet.ae/100053689/.local/lib/python3.9/site-packages/torch/utils/_contextlib.py", line 115, in decorate_context
    return func(*args, **kwargs)
  File "/home/kunet.ae/100053689/.local/lib/python3.9/site-packages/torcheval/metrics/functional/classification/accuracy.py", line 102, in multiclass_accuracy
    num_correct, num_total = _multiclass_accuracy_update(
  File "/home/kunet.ae/100053689/.local/lib/python3.9/site-packages/torcheval/metrics/functional/classification/accuracy.py", line 258, in _multiclass_accuracy_update
    _accuracy_update_input_check(input, target, num_classes, k)
  File "/home/kunet.ae/100053689/.local/lib/python3.9/site-packages/torcheval/metrics/functional/classification/accuracy.py", line 323, in _accuracy_update_input_check
    if input.size(0) != target.size(0):
TypeError: 'int' object is not callable
