    Command utilities loaded:
 
    ssumm:      Summarizes the status of Almesbar's partitions.
    spend:      Displays the list of pending jobs sorted by priority.
    sfairshare: Displays the list accounts sorted by fairshare value.
    sbfill:     Displays backfill window.
 
    Use the option -h or --help after a command for more details.
    Example: sbfill -h
    For more information visit
https://wiki-researchcomputing.ku.ac.ae/display/RC/Command+utilities+on+Almesbar+HPC+cluster 
/home/kunet.ae/100053689/.local/lib/python3.9/site-packages/torchvision/datapoints/__init__.py:12: UserWarning: The torchvision.datapoints and torchvision.transforms.v2 namespaces are still Beta. While we do not expect major breaking changes, some APIs may still change according to user feedback. Please submit any feedback you may have in this issue: https://github.com/pytorch/vision/issues/6753, and you can also check out https://github.com/pytorch/vision/issues/7319 to learn more about the APIs that we suspect might involve future changes. You can silence this warning by calling torchvision.disable_beta_transforms_warning().
  warnings.warn(_BETA_TRANSFORMS_WARNING)
/home/kunet.ae/100053689/.local/lib/python3.9/site-packages/torchvision/transforms/v2/__init__.py:54: UserWarning: The torchvision.datapoints and torchvision.transforms.v2 namespaces are still Beta. While we do not expect major breaking changes, some APIs may still change according to user feedback. Please submit any feedback you may have in this issue: https://github.com/pytorch/vision/issues/6753, and you can also check out https://github.com/pytorch/vision/issues/7319 to learn more about the APIs that we suspect might involve future changes. You can silence this warning by calling torchvision.disable_beta_transforms_warning().
  warnings.warn(_BETA_TRANSFORMS_WARNING)
Downloading: "https://download.pytorch.org/models/mobilenet_v3_small-047dcff4.pth" to /home/kunet.ae/100053689/.cache/torch/hub/checkpoints/mobilenet_v3_small-047dcff4.pth
  0%|          | 0.00/9.83M [00:00<?, ?B/s] 61%|██████    | 6.01M/9.83M [00:00<00:00, 62.8MB/s]100%|██████████| 9.83M/9.83M [00:00<00:00, 75.1MB/s]
Traceback (most recent call last):
  File "/home/kunet.ae/100053689/swin_classifier/swin_mobilenet.py", line 162, in <module>
    tr_loss, tr_acc, tr_prec, tr_f1score = training_func(train_dataloader)
  File "/home/kunet.ae/100053689/swin_classifier/swin_mobilenet.py", line 134, in training_func
    epoch_accuracy = accuracy_score(actual,predicted)
  File "/home/kunet.ae/100053689/.local/lib/python3.9/site-packages/sklearn/utils/_param_validation.py", line 213, in wrapper
    return func(*args, **kwargs)
  File "/home/kunet.ae/100053689/.local/lib/python3.9/site-packages/sklearn/metrics/_classification.py", line 213, in accuracy_score
    y_type, y_true, y_pred = _check_targets(y_true, y_pred)
  File "/home/kunet.ae/100053689/.local/lib/python3.9/site-packages/sklearn/metrics/_classification.py", line 86, in _check_targets
    type_true = type_of_target(y_true, input_name="y_true")
  File "/home/kunet.ae/100053689/.local/lib/python3.9/site-packages/sklearn/utils/multiclass.py", line 316, in type_of_target
    if is_multilabel(y):
  File "/home/kunet.ae/100053689/.local/lib/python3.9/site-packages/sklearn/utils/multiclass.py", line 171, in is_multilabel
    y = check_array(y, dtype=None, **check_y_kwargs)
  File "/home/kunet.ae/100053689/.local/lib/python3.9/site-packages/sklearn/utils/validation.py", line 997, in check_array
    array = _asarray_with_order(array, order=order, dtype=dtype, xp=xp)
  File "/home/kunet.ae/100053689/.local/lib/python3.9/site-packages/sklearn/utils/_array_api.py", line 521, in _asarray_with_order
    array = numpy.asarray(array, order=order, dtype=dtype)
  File "/home/kunet.ae/100053689/.local/lib/python3.9/site-packages/torch/_tensor.py", line 970, in __array__
    return self.numpy()
TypeError: can't convert cuda:0 device type tensor to numpy. Use Tensor.cpu() to copy the tensor to host memory first.
